<?xml version="1.0" encoding="UTF-8"?>
<!-- Generated by org.testng.reporters.JUnitReportReporter -->
<testsuite skipped="0" hostname="DESKTOP-88R09EB" name="com.tests.HomeTest" tests="2" failures="0" timestamp="08 Oct 2021 13:25:21 GMT" time="14.459" errors="0">
  <testcase name="verifyProductsHeadingTest" time="7.954" classname="com.tests.HomeTest"/>
  <testcase name="verifyCartButtonTest" time="6.505" classname="com.tests.HomeTest"/>
</testsuite> <!-- com.tests.HomeTest -->
