<?xml version="1.0" encoding="UTF-8"?>
<!-- Generated by org.testng.reporters.JUnitReportReporter -->
<testsuite skipped="0" hostname="DESKTOP-88R09EB" name="com.tests.SampleTest" tests="1" failures="0" timestamp="07 May 2021 05:57:07 GMT" time="10.119" errors="0">
  <testcase name="verifyTitle" time="10.119" classname="com.tests.SampleTest"/>
</testsuite> <!-- com.tests.SampleTest -->
