<?xml version="1.0" encoding="UTF-8"?>
<!-- Generated by org.testng.reporters.JUnitReportReporter -->
<testsuite skipped="0" hostname="DESKTOP-88R09EB" name="com.tests.LoginTest" tests="2" failures="0" timestamp="08 Oct 2021 13:25:21 GMT" time="21.437" errors="0">
  <testcase name="verifyLoginPageTitleTest" time="3.276" classname="com.tests.LoginTest"/>
  <testcase name="verifyLoginButtonTest" time="18.161" classname="com.tests.LoginTest"/>
</testsuite> <!-- com.tests.LoginTest -->
